<?xml version="1.0" encoding="UTF-8"?>
<robot generator="Robot 3.2.2 (Python 3.8.5 on win32)" generated="20200908 04:49:33.044" rpa="false">
<suite id="s1" name="Test" source="c:\qaninja\robot\test.robot">
<test id="s1-t1" name="Deve retornar mensagem de boas vindas">
<kw name="Welcome" library="app">
<arguments>
<arg>Tiago</arg>
</arguments>
<assign>
<var>${result}</var>
</assign>
<msg timestamp="20200908 04:49:33.068" level="INFO">${result} = Olá Tiago, Bem vindo ao curso básico de Robot Framework!</msg>
<status status="PASS" starttime="20200908 04:49:33.068" endtime="20200908 04:49:33.068"></status>
</kw>
<kw name="Should Be Equal" library="BuiltIn">
<doc>Fails if the given objects are unequal.</doc>
<arguments>
<arg>${result}</arg>
<arg>Olá Tiago, Bem vindo ao curso básico de Robot Framework!</arg>
</arguments>
<status status="PASS" starttime="20200908 04:49:33.068" endtime="20200908 04:49:33.068"></status>
</kw>
<status status="PASS" starttime="20200908 04:49:33.067" endtime="20200908 04:49:33.069" critical="yes"></status>
</test>
<status status="PASS" starttime="20200908 04:49:33.045" endtime="20200908 04:49:33.069"></status>
</suite>
<statistics>
<total>
<stat pass="1" fail="0">Critical Tests</stat>
<stat pass="1" fail="0">All Tests</stat>
</total>
<tag>
</tag>
<suite>
<stat pass="1" fail="0" id="s1" name="Test">Test</stat>
</suite>
</statistics>
<errors>
</errors>
</robot>
