<?xml version="1.0" encoding="UTF-8"?>
<robot generator="Robot 3.2.2 (Python 3.8.5 on win32)" generated="20200908 06:07:51.640" rpa="false">
<suite id="s1" name="Select" source="c:\qaninja\robot\web\tests\select.robot">
<test id="s1-t1" name="Selecionando pelo texto e validar pelo valor">
<kw name="Nova sessão" library="base" type="setup">
<kw name="Open Browser" library="SeleniumLibrary">
<doc>Opens a new browser instance to the optional ``url``.</doc>
<arguments>
<arg>${url}</arg>
<arg>chrome</arg>
</arguments>
<msg timestamp="20200908 06:07:51.782" level="INFO">Opening browser 'chrome' to base url 'https://training-wheels-protocol.herokuapp.com'.</msg>
<status status="PASS" starttime="20200908 06:07:51.782" endtime="20200908 06:07:56.947"></status>
</kw>
<status status="PASS" starttime="20200908 06:07:51.782" endtime="20200908 06:07:56.947"></status>
</kw>
<kw name="Go To" library="SeleniumLibrary">
<doc>Navigates the current browser window to the provided ``url``.</doc>
<arguments>
<arg>${url}/dropdown</arg>
</arguments>
<msg timestamp="20200908 06:07:56.947" level="INFO">Opening url 'https://training-wheels-protocol.herokuapp.com/dropdown'</msg>
<status status="PASS" starttime="20200908 06:07:56.947" endtime="20200908 06:07:57.193"></status>
</kw>
<kw name="Select From List By Label" library="SeleniumLibrary">
<doc>Selects options from selection list ``locator`` by ``labels``.</doc>
<arguments>
<arg>class:avenger-list</arg>
<arg>Scott Lang</arg>
</arguments>
<msg timestamp="20200908 06:07:57.193" level="INFO">Selecting options from selection list 'class:avenger-list' by label Scott Lang.</msg>
<status status="PASS" starttime="20200908 06:07:57.193" endtime="20200908 06:07:57.234"></status>
</kw>
<kw name="Get Selected List Value" library="SeleniumLibrary">
<doc>Returns the value of selected option from selection list ``locator``.</doc>
<arguments>
<arg>class:avenger-list</arg>
</arguments>
<assign>
<var>${selected}</var>
</assign>
<msg timestamp="20200908 06:07:57.289" level="INFO">${selected} = 7</msg>
<status status="PASS" starttime="20200908 06:07:57.234" endtime="20200908 06:07:57.289"></status>
</kw>
<kw name="Should Be Equal" library="BuiltIn">
<doc>Fails if the given objects are unequal.</doc>
<arguments>
<arg>${selected}</arg>
<arg>7</arg>
</arguments>
<status status="PASS" starttime="20200908 06:07:57.290" endtime="20200908 06:07:57.290"></status>
</kw>
<kw name="Encerra sessão" library="base" type="teardown">
<kw name="Capture Page Screenshot" library="SeleniumLibrary">
<doc>Takes a screenshot of the current page and embeds it into a log file.</doc>
<msg timestamp="20200908 06:07:57.592" level="INFO" html="yes">&lt;/td&gt;&lt;/tr&gt;&lt;tr&gt;&lt;td colspan="3"&gt;&lt;a href="selenium-screenshot-22.png"&gt;&lt;img src="selenium-screenshot-22.png" width="800px"&gt;&lt;/a&gt;</msg>
<status status="PASS" starttime="20200908 06:07:57.290" endtime="20200908 06:07:57.592"></status>
</kw>
<kw name="Close Browser" library="SeleniumLibrary">
<doc>Closes the current browser.</doc>
<status status="PASS" starttime="20200908 06:07:57.592" endtime="20200908 06:07:59.664"></status>
</kw>
<status status="PASS" starttime="20200908 06:07:57.290" endtime="20200908 06:07:59.664"></status>
</kw>
<status status="PASS" starttime="20200908 06:07:51.781" endtime="20200908 06:07:59.664" critical="yes"></status>
</test>
<test id="s1-t2" name="Selecionando pelo value e validar pelo texto">
<kw name="Nova sessão" library="base" type="setup">
<kw name="Open Browser" library="SeleniumLibrary">
<doc>Opens a new browser instance to the optional ``url``.</doc>
<arguments>
<arg>${url}</arg>
<arg>chrome</arg>
</arguments>
<msg timestamp="20200908 06:07:59.666" level="INFO">Opening browser 'chrome' to base url 'https://training-wheels-protocol.herokuapp.com'.</msg>
<status status="PASS" starttime="20200908 06:07:59.666" endtime="20200908 06:08:05.119"></status>
</kw>
<status status="PASS" starttime="20200908 06:07:59.666" endtime="20200908 06:08:05.119"></status>
</kw>
<kw name="Go To" library="SeleniumLibrary">
<doc>Navigates the current browser window to the provided ``url``.</doc>
<arguments>
<arg>${url}/dropdown</arg>
</arguments>
<msg timestamp="20200908 06:08:05.120" level="INFO">Opening url 'https://training-wheels-protocol.herokuapp.com/dropdown'</msg>
<status status="PASS" starttime="20200908 06:08:05.120" endtime="20200908 06:08:05.360"></status>
</kw>
<kw name="Select From List By Value" library="SeleniumLibrary">
<doc>Selects options from selection list ``locator`` by ``values``.</doc>
<arguments>
<arg>id:dropdown</arg>
<arg>6</arg>
</arguments>
<msg timestamp="20200908 06:08:05.361" level="INFO">Selecting options from selection list 'id:dropdown' by value 6.</msg>
<status status="PASS" starttime="20200908 06:08:05.361" endtime="20200908 06:08:05.401"></status>
</kw>
<kw name="Get Selected List Label" library="SeleniumLibrary">
<doc>Returns the label of selected option from selection list ``locator``.</doc>
<arguments>
<arg>id:dropdown</arg>
</arguments>
<assign>
<var>${selected}</var>
</assign>
<msg timestamp="20200908 06:08:05.457" level="INFO">${selected} = Loki</msg>
<status status="PASS" starttime="20200908 06:08:05.401" endtime="20200908 06:08:05.457"></status>
</kw>
<kw name="Should Be Equal" library="BuiltIn">
<doc>Fails if the given objects are unequal.</doc>
<arguments>
<arg>${selected}</arg>
<arg>Loki</arg>
</arguments>
<status status="PASS" starttime="20200908 06:08:05.458" endtime="20200908 06:08:05.458"></status>
</kw>
<kw name="Encerra sessão" library="base" type="teardown">
<kw name="Capture Page Screenshot" library="SeleniumLibrary">
<doc>Takes a screenshot of the current page and embeds it into a log file.</doc>
<msg timestamp="20200908 06:08:05.762" level="INFO" html="yes">&lt;/td&gt;&lt;/tr&gt;&lt;tr&gt;&lt;td colspan="3"&gt;&lt;a href="selenium-screenshot-23.png"&gt;&lt;img src="selenium-screenshot-23.png" width="800px"&gt;&lt;/a&gt;</msg>
<status status="PASS" starttime="20200908 06:08:05.459" endtime="20200908 06:08:05.762"></status>
</kw>
<kw name="Close Browser" library="SeleniumLibrary">
<doc>Closes the current browser.</doc>
<status status="PASS" starttime="20200908 06:08:05.762" endtime="20200908 06:08:07.873"></status>
</kw>
<status status="PASS" starttime="20200908 06:08:05.458" endtime="20200908 06:08:07.873"></status>
</kw>
<status status="PASS" starttime="20200908 06:07:59.665" endtime="20200908 06:08:07.874" critical="yes"></status>
</test>
<status status="PASS" starttime="20200908 06:07:51.642" endtime="20200908 06:08:07.875"></status>
</suite>
<statistics>
<total>
<stat pass="2" fail="0">Critical Tests</stat>
<stat pass="2" fail="0">All Tests</stat>
</total>
<tag>
</tag>
<suite>
<stat pass="2" fail="0" id="s1" name="Select">Select</stat>
</suite>
</statistics>
<errors>
</errors>
</robot>
