<?xml version="1.0" encoding="UTF-8"?>
<robot generator="Robot 3.2.2 (Python 3.8.5 on win32)" generated="20200908 06:39:40.387" rpa="false">
<suite id="s1" name="Login Form" source="c:\qaninja\robot\web\tests\login_form.robot">
<test id="s1-t1" name="Login com sucesso">
<kw name="Nova sessão" library="base" type="setup">
<kw name="Open Browser" library="SeleniumLibrary">
<doc>Opens a new browser instance to the optional ``url``.</doc>
<arguments>
<arg>${url}</arg>
<arg>chrome</arg>
</arguments>
<msg timestamp="20200908 06:39:40.529" level="INFO">Opening browser 'chrome' to base url 'https://training-wheels-protocol.herokuapp.com'.</msg>
<status status="PASS" starttime="20200908 06:39:40.529" endtime="20200908 06:39:45.735"></status>
</kw>
<status status="PASS" starttime="20200908 06:39:40.528" endtime="20200908 06:39:45.735"></status>
</kw>
<kw name="Go To" library="SeleniumLibrary">
<doc>Navigates the current browser window to the provided ``url``.</doc>
<arguments>
<arg>${url}/login</arg>
</arguments>
<msg timestamp="20200908 06:39:45.735" level="INFO">Opening url 'https://training-wheels-protocol.herokuapp.com/login'</msg>
<status status="PASS" starttime="20200908 06:39:45.735" endtime="20200908 06:39:46.166"></status>
</kw>
<kw name="Login With">
<arguments>
<arg>stark</arg>
<arg>jarvis!</arg>
</arguments>
<kw name="Input Text" library="SeleniumLibrary">
<doc>Types the given ``text`` into the text field identified by ``locator``.</doc>
<arguments>
<arg>css:input[name=username]</arg>
<arg>${uname}</arg>
</arguments>
<msg timestamp="20200908 06:39:46.166" level="INFO">Typing text 'stark' into text field 'css:input[name=username]'.</msg>
<status status="PASS" starttime="20200908 06:39:46.166" endtime="20200908 06:39:46.224"></status>
</kw>
<kw name="Input Text" library="SeleniumLibrary">
<doc>Types the given ``text`` into the text field identified by ``locator``.</doc>
<arguments>
<arg>css:input[name=password]</arg>
<arg>${pass}</arg>
</arguments>
<msg timestamp="20200908 06:39:46.225" level="INFO">Typing text 'jarvis!' into text field 'css:input[name=password]'.</msg>
<status status="PASS" starttime="20200908 06:39:46.224" endtime="20200908 06:39:46.283"></status>
</kw>
<kw name="Click Element" library="SeleniumLibrary">
<doc>Click the element identified by ``locator``.</doc>
<arguments>
<arg>class:btn-login</arg>
</arguments>
<msg timestamp="20200908 06:39:46.283" level="INFO">Clicking element 'class:btn-login'.</msg>
<status status="PASS" starttime="20200908 06:39:46.283" endtime="20200908 06:39:46.712"></status>
</kw>
<status status="PASS" starttime="20200908 06:39:46.166" endtime="20200908 06:39:46.712"></status>
</kw>
<kw name="Should Contain Login Alert">
<arguments>
<arg>Tony Stark</arg>
</arguments>
<kw name="Get WebElement" library="SeleniumLibrary">
<doc>Returns the first WebElement matching the given ``locator``.</doc>
<arguments>
<arg>id:flash</arg>
</arguments>
<assign>
<var>${message}</var>
</assign>
<msg timestamp="20200908 06:39:46.722" level="INFO">${message} = &lt;selenium.webdriver.remote.webelement.WebElement (session="02bcdec0e40b9a7b2b1c813d4035d2d8", element="d58c21eb-1908-4b51-a48c-0c1563fe38f7")&gt;</msg>
<status status="PASS" starttime="20200908 06:39:46.713" endtime="20200908 06:39:46.722"></status>
</kw>
<kw name="Should Contain" library="BuiltIn">
<doc>Fails if ``container`` does not contain ``item`` one or more times.</doc>
<arguments>
<arg>${message.text}</arg>
<arg>${expect_message}</arg>
</arguments>
<status status="PASS" starttime="20200908 06:39:46.722" endtime="20200908 06:39:46.731"></status>
</kw>
<status status="PASS" starttime="20200908 06:39:46.713" endtime="20200908 06:39:46.731"></status>
</kw>
<kw name="Encerra sessão" library="base" type="teardown">
<kw name="Capture Page Screenshot" library="SeleniumLibrary">
<doc>Takes a screenshot of the current page and embeds it into a log file.</doc>
<msg timestamp="20200908 06:39:47.046" level="INFO" html="yes">&lt;/td&gt;&lt;/tr&gt;&lt;tr&gt;&lt;td colspan="3"&gt;&lt;a href="selenium-screenshot-53.png"&gt;&lt;img src="selenium-screenshot-53.png" width="800px"&gt;&lt;/a&gt;</msg>
<status status="PASS" starttime="20200908 06:39:46.732" endtime="20200908 06:39:47.046"></status>
</kw>
<kw name="Close Browser" library="SeleniumLibrary">
<doc>Closes the current browser.</doc>
<status status="PASS" starttime="20200908 06:39:47.046" endtime="20200908 06:39:49.125"></status>
</kw>
<status status="PASS" starttime="20200908 06:39:46.732" endtime="20200908 06:39:49.125"></status>
</kw>
<status status="PASS" starttime="20200908 06:39:40.528" endtime="20200908 06:39:49.125" critical="yes"></status>
</test>
<test id="s1-t2" name="Login com senha inválida">
<kw name="Nova sessão" library="base" type="setup">
<kw name="Open Browser" library="SeleniumLibrary">
<doc>Opens a new browser instance to the optional ``url``.</doc>
<arguments>
<arg>${url}</arg>
<arg>chrome</arg>
</arguments>
<msg timestamp="20200908 06:39:49.130" level="INFO">Opening browser 'chrome' to base url 'https://training-wheels-protocol.herokuapp.com'.</msg>
<status status="PASS" starttime="20200908 06:39:49.130" endtime="20200908 06:39:54.611"></status>
</kw>
<status status="PASS" starttime="20200908 06:39:49.129" endtime="20200908 06:39:54.611"></status>
</kw>
<kw name="Go To" library="SeleniumLibrary">
<doc>Navigates the current browser window to the provided ``url``.</doc>
<arguments>
<arg>${url}/login</arg>
</arguments>
<msg timestamp="20200908 06:39:54.611" level="INFO">Opening url 'https://training-wheels-protocol.herokuapp.com/login'</msg>
<status status="PASS" starttime="20200908 06:39:54.611" endtime="20200908 06:39:55.008"></status>
</kw>
<kw name="Login With">
<arguments>
<arg>stark</arg>
<arg>123!</arg>
</arguments>
<kw name="Input Text" library="SeleniumLibrary">
<doc>Types the given ``text`` into the text field identified by ``locator``.</doc>
<arguments>
<arg>css:input[name=username]</arg>
<arg>${uname}</arg>
</arguments>
<msg timestamp="20200908 06:39:55.009" level="INFO">Typing text 'stark' into text field 'css:input[name=username]'.</msg>
<status status="PASS" starttime="20200908 06:39:55.008" endtime="20200908 06:39:55.060"></status>
</kw>
<kw name="Input Text" library="SeleniumLibrary">
<doc>Types the given ``text`` into the text field identified by ``locator``.</doc>
<arguments>
<arg>css:input[name=password]</arg>
<arg>${pass}</arg>
</arguments>
<msg timestamp="20200908 06:39:55.060" level="INFO">Typing text '123!' into text field 'css:input[name=password]'.</msg>
<status status="PASS" starttime="20200908 06:39:55.060" endtime="20200908 06:39:55.108"></status>
</kw>
<kw name="Click Element" library="SeleniumLibrary">
<doc>Click the element identified by ``locator``.</doc>
<arguments>
<arg>class:btn-login</arg>
</arguments>
<msg timestamp="20200908 06:39:55.108" level="INFO">Clicking element 'class:btn-login'.</msg>
<status status="PASS" starttime="20200908 06:39:55.108" endtime="20200908 06:39:55.537"></status>
</kw>
<status status="PASS" starttime="20200908 06:39:55.008" endtime="20200908 06:39:55.537"></status>
</kw>
<kw name="Get WebElement" library="SeleniumLibrary">
<doc>Returns the first WebElement matching the given ``locator``.</doc>
<arguments>
<arg>id:flash</arg>
</arguments>
<assign>
<var>${message}</var>
</assign>
<msg timestamp="20200908 06:39:55.544" level="INFO">${message} = &lt;selenium.webdriver.remote.webelement.WebElement (session="db3e007c182bd3534041e7fbc8eb2021", element="9339dfab-328a-420f-bd0d-2a4457ce050a")&gt;</msg>
<status status="PASS" starttime="20200908 06:39:55.537" endtime="20200908 06:39:55.544"></status>
</kw>
<kw name="Should Contain Login Alert">
<arguments>
<arg>Senha é invalida!</arg>
</arguments>
<kw name="Get WebElement" library="SeleniumLibrary">
<doc>Returns the first WebElement matching the given ``locator``.</doc>
<arguments>
<arg>id:flash</arg>
</arguments>
<assign>
<var>${message}</var>
</assign>
<msg timestamp="20200908 06:39:55.550" level="INFO">${message} = &lt;selenium.webdriver.remote.webelement.WebElement (session="db3e007c182bd3534041e7fbc8eb2021", element="9339dfab-328a-420f-bd0d-2a4457ce050a")&gt;</msg>
<status status="PASS" starttime="20200908 06:39:55.546" endtime="20200908 06:39:55.550"></status>
</kw>
<kw name="Should Contain" library="BuiltIn">
<doc>Fails if ``container`` does not contain ``item`` one or more times.</doc>
<arguments>
<arg>${message.text}</arg>
<arg>${expect_message}</arg>
</arguments>
<status status="PASS" starttime="20200908 06:39:55.550" endtime="20200908 06:39:55.558"></status>
</kw>
<status status="PASS" starttime="20200908 06:39:55.545" endtime="20200908 06:39:55.559"></status>
</kw>
<kw name="Encerra sessão" library="base" type="teardown">
<kw name="Capture Page Screenshot" library="SeleniumLibrary">
<doc>Takes a screenshot of the current page and embeds it into a log file.</doc>
<msg timestamp="20200908 06:39:55.876" level="INFO" html="yes">&lt;/td&gt;&lt;/tr&gt;&lt;tr&gt;&lt;td colspan="3"&gt;&lt;a href="selenium-screenshot-54.png"&gt;&lt;img src="selenium-screenshot-54.png" width="800px"&gt;&lt;/a&gt;</msg>
<status status="PASS" starttime="20200908 06:39:55.559" endtime="20200908 06:39:55.876"></status>
</kw>
<kw name="Close Browser" library="SeleniumLibrary">
<doc>Closes the current browser.</doc>
<status status="PASS" starttime="20200908 06:39:55.877" endtime="20200908 06:39:57.931"></status>
</kw>
<status status="PASS" starttime="20200908 06:39:55.559" endtime="20200908 06:39:57.931"></status>
</kw>
<status status="PASS" starttime="20200908 06:39:49.129" endtime="20200908 06:39:57.932" critical="yes"></status>
</test>
<test id="s1-t3" name="Login com usuario inválido">
<kw name="Nova sessão" library="base" type="setup">
<kw name="Open Browser" library="SeleniumLibrary">
<doc>Opens a new browser instance to the optional ``url``.</doc>
<arguments>
<arg>${url}</arg>
<arg>chrome</arg>
</arguments>
<msg timestamp="20200908 06:39:57.934" level="INFO">Opening browser 'chrome' to base url 'https://training-wheels-protocol.herokuapp.com'.</msg>
<status status="PASS" starttime="20200908 06:39:57.934" endtime="20200908 06:40:04.699"></status>
</kw>
<status status="PASS" starttime="20200908 06:39:57.933" endtime="20200908 06:40:04.699"></status>
</kw>
<kw name="Go To" library="SeleniumLibrary">
<doc>Navigates the current browser window to the provided ``url``.</doc>
<arguments>
<arg>${url}/login</arg>
</arguments>
<msg timestamp="20200908 06:40:04.700" level="INFO">Opening url 'https://training-wheels-protocol.herokuapp.com/login'</msg>
<status status="PASS" starttime="20200908 06:40:04.700" endtime="20200908 06:40:05.127"></status>
</kw>
<kw name="Login With">
<arguments>
<arg>teste</arg>
<arg>jarvis!</arg>
</arguments>
<kw name="Input Text" library="SeleniumLibrary">
<doc>Types the given ``text`` into the text field identified by ``locator``.</doc>
<arguments>
<arg>css:input[name=username]</arg>
<arg>${uname}</arg>
</arguments>
<msg timestamp="20200908 06:40:05.127" level="INFO">Typing text 'teste' into text field 'css:input[name=username]'.</msg>
<status status="PASS" starttime="20200908 06:40:05.127" endtime="20200908 06:40:05.178"></status>
</kw>
<kw name="Input Text" library="SeleniumLibrary">
<doc>Types the given ``text`` into the text field identified by ``locator``.</doc>
<arguments>
<arg>css:input[name=password]</arg>
<arg>${pass}</arg>
</arguments>
<msg timestamp="20200908 06:40:05.178" level="INFO">Typing text 'jarvis!' into text field 'css:input[name=password]'.</msg>
<status status="PASS" starttime="20200908 06:40:05.178" endtime="20200908 06:40:05.230"></status>
</kw>
<kw name="Click Element" library="SeleniumLibrary">
<doc>Click the element identified by ``locator``.</doc>
<arguments>
<arg>class:btn-login</arg>
</arguments>
<msg timestamp="20200908 06:40:05.230" level="INFO">Clicking element 'class:btn-login'.</msg>
<status status="PASS" starttime="20200908 06:40:05.230" endtime="20200908 06:40:05.675"></status>
</kw>
<status status="PASS" starttime="20200908 06:40:05.127" endtime="20200908 06:40:05.675"></status>
</kw>
<kw name="Get WebElement" library="SeleniumLibrary">
<doc>Returns the first WebElement matching the given ``locator``.</doc>
<arguments>
<arg>id:flash</arg>
</arguments>
<assign>
<var>${message}</var>
</assign>
<msg timestamp="20200908 06:40:05.684" level="INFO">${message} = &lt;selenium.webdriver.remote.webelement.WebElement (session="8953d1510eda41c56903ca6f58370362", element="af457666-f4ed-43bd-9fcf-2b01a88ac8f3")&gt;</msg>
<status status="PASS" starttime="20200908 06:40:05.675" endtime="20200908 06:40:05.684"></status>
</kw>
<kw name="Should Contain Login Alert">
<arguments>
<arg>O usuário informado não está cadastrado!</arg>
</arguments>
<kw name="Get WebElement" library="SeleniumLibrary">
<doc>Returns the first WebElement matching the given ``locator``.</doc>
<arguments>
<arg>id:flash</arg>
</arguments>
<assign>
<var>${message}</var>
</assign>
<msg timestamp="20200908 06:40:05.689" level="INFO">${message} = &lt;selenium.webdriver.remote.webelement.WebElement (session="8953d1510eda41c56903ca6f58370362", element="af457666-f4ed-43bd-9fcf-2b01a88ac8f3")&gt;</msg>
<status status="PASS" starttime="20200908 06:40:05.685" endtime="20200908 06:40:05.689"></status>
</kw>
<kw name="Should Contain" library="BuiltIn">
<doc>Fails if ``container`` does not contain ``item`` one or more times.</doc>
<arguments>
<arg>${message.text}</arg>
<arg>${expect_message}</arg>
</arguments>
<status status="PASS" starttime="20200908 06:40:05.689" endtime="20200908 06:40:05.698"></status>
</kw>
<status status="PASS" starttime="20200908 06:40:05.684" endtime="20200908 06:40:05.698"></status>
</kw>
<kw name="Encerra sessão" library="base" type="teardown">
<kw name="Capture Page Screenshot" library="SeleniumLibrary">
<doc>Takes a screenshot of the current page and embeds it into a log file.</doc>
<msg timestamp="20200908 06:40:06.019" level="INFO" html="yes">&lt;/td&gt;&lt;/tr&gt;&lt;tr&gt;&lt;td colspan="3"&gt;&lt;a href="selenium-screenshot-55.png"&gt;&lt;img src="selenium-screenshot-55.png" width="800px"&gt;&lt;/a&gt;</msg>
<status status="PASS" starttime="20200908 06:40:05.699" endtime="20200908 06:40:06.019"></status>
</kw>
<kw name="Close Browser" library="SeleniumLibrary">
<doc>Closes the current browser.</doc>
<status status="PASS" starttime="20200908 06:40:06.019" endtime="20200908 06:40:08.109"></status>
</kw>
<status status="PASS" starttime="20200908 06:40:05.698" endtime="20200908 06:40:08.109"></status>
</kw>
<status status="PASS" starttime="20200908 06:39:57.933" endtime="20200908 06:40:08.110" critical="yes"></status>
</test>
<status status="PASS" starttime="20200908 06:39:40.389" endtime="20200908 06:40:08.112"></status>
</suite>
<statistics>
<total>
<stat pass="3" fail="0">Critical Tests</stat>
<stat pass="3" fail="0">All Tests</stat>
</total>
<tag>
</tag>
<suite>
<stat pass="3" fail="0" id="s1" name="Login Form">Login Form</stat>
</suite>
</statistics>
<errors>
</errors>
</robot>
